<?xml version="1.0" encoding="UTF-8"?>
<!-- Generated by org.testng.reporters.JUnitXMLReporter -->
<testsuite hostname="VMW7NBn-P-Q002" name="Test 1" tests="6" failures="0" timestamp="21 Feb 2019 10:16:50 GMT" time="151.929" errors="0">
  <testcase name="Snapshot_Tabs" time="5.772" classname="TestNG_Package.Snapshot_Tabs_TestNG"/>
  <testcase name="Performance_And_Risk_Tabs" time="5.843" classname="TestNG_Package.Performance_And_Risk_Tabs_TestNG"/>
  <testcase name="Composition_Tabs" time="5.907" classname="TestNG_Package.Composition_Tabs_TestNG"/>
  <testcase name="All_Tabs" time="5.908" classname="TestNG_Package.All_Tabs_TestNG"/>
  <testcase name="Distributions_Tabs" time="54.199" classname="TestNG_Package.Distributions_Tabs_TestNG"/>
  <testcase name="f" time="146.036" classname="TestNG_Package.ETF_Reporter_TestNG"/>
</testsuite> <!-- Test 1 -->
